[2023-10-13 14:03:42,105] multiqc                                            [DEBUG  ]  This is MultiQC v1.16
[2023-10-13 14:03:42,105] multiqc                                            [DEBUG  ]  Command used: /Users/vanw/opt/anaconda3/bin/multiqc .
[2023-10-13 14:03:44,714] multiqc                                            [DEBUG  ]  Latest MultiQC version is v1.16
[2023-10-13 14:03:44,714] multiqc                                            [DEBUG  ]  Working dir : /Users/vanw/Research/Projects/Pristine Seas/2023.10.10/Viehl-rerun_101023/fastqc_reports
[2023-10-13 14:03:44,715] multiqc                                            [DEBUG  ]  Template    : default
[2023-10-13 14:03:44,715] multiqc                                            [DEBUG  ]  Running Python 3.9.7 (default, Sep 16 2021, 08:50:36)  [Clang 10.0.0 ]
[2023-10-13 14:03:44,717] multiqc                                            [DEBUG  ]  Analysing modules: custom_content, ccs, ngsderive, purple, conpair, lima, peddy, somalier, methylQA, mosdepth, phantompeakqualtools, qualimap, preseq, hifiasm, quast, qorts, rna_seqc, rockhopper, rsem, rseqc, busco, bustools, goleft_indexcov, gffcompare, disambiguate, supernova, deeptools, sargasso, verifybamid, mirtrace, happy, mirtop, sambamba, gopeaks, homer, hops, macs2, theta2, snpeff, gatk, htseq, bcftools, featureCounts, fgbio, dragen, dragen_fastqc, dedup, pbmarkdup, damageprofiler, mapdamage, biobambam2, jcvi, mtnucratio, picard, vep, sentieon, bakta, prokka, qc3C, nanostat, samblaster, samtools, sexdeterrmine, eigenstratdatabasetools, bamtools, jellyfish, vcftools, longranger, stacks, varscan2, snippy, umitools, bbmap, bismark, biscuit, diamond, hicexplorer, hicup, hicpro, salmon, kallisto, slamdunk, star, hisat2, tophat, bowtie2, bowtie1, cellranger, snpsplit, odgi, pangolin, nextclade, freyja, humid, kat, leehom, librarian, adapterRemoval, bbduk, clipandmerge, cutadapt, flexbar, sourmash, kaiju, kraken, malt, motus, trimmomatic, sickle, skewer, sortmerna, biobloomtools, fastq_screen, afterqc, fastp, fastqc, filtlong, prinseqplusplus, pychopper, porechop, pycoqc, minionqc, anglerfish, multivcfanalyzer, clusterflow, checkqc, bcl2fastq, bclconvert, interop, ivar, flash, seqyclean, optitype, whatshap
[2023-10-13 14:03:44,717] multiqc                                            [DEBUG  ]  Using temporary directory for creating report: /var/folders/jk/65d0w43d2mbbw_5lg_979ll80000gn/T/tmpk91lc4c7
[2023-10-13 14:03:44,721] multiqc                                            [INFO   ]  Search path : /Users/vanw/Research/Projects/Pristine Seas/2023.10.10/Viehl-rerun_101023/fastqc_reports
[2023-10-13 14:03:51,548] multiqc                                            [DEBUG  ]  Summary of files that were skipped by the search: [skipped_module_specific_max_filesize: 5768] // [skipped_no_match: 412]
[2023-10-13 14:03:52,154] multiqc.plots.bargraph                             [DEBUG  ]  Using matplotlib version 3.4.3
[2023-10-13 14:03:52,155] multiqc.plots.linegraph                            [DEBUG  ]  Using matplotlib version 3.4.3
[2023-10-13 14:03:52,155] multiqc                                            [DEBUG  ]  No samples found: custom_content
[2023-10-13 14:03:55,322] multiqc.modules.fastqc.fastqc                      [INFO   ]  Found 412 reports
[2023-10-13 14:04:12,380] multiqc.utils.software_versions                    [DEBUG  ]  Reading software versions from config.software_versions
[2023-10-13 14:04:12,662] multiqc                                            [DEBUG  ]  Compressing plot data
[2023-10-13 14:04:12,757] multiqc                                            [INFO   ]  Report      : multiqc_report.html
[2023-10-13 14:04:12,758] multiqc                                            [INFO   ]  Data        : multiqc_data
[2023-10-13 14:04:12,758] multiqc                                            [DEBUG  ]  Moving data file from '/var/folders/jk/65d0w43d2mbbw_5lg_979ll80000gn/T/tmpk91lc4c7/multiqc_data' to '/Users/vanw/Research/Projects/Pristine Seas/2023.10.10/Viehl-rerun_101023/fastqc_reports/multiqc_data'
[2023-10-13 14:04:12,766] multiqc                                            [DEBUG  ]  Full report path: /Users/vanw/Research/Projects/Pristine Seas/2023.10.10/Viehl-rerun_101023/fastqc_reports/multiqc_report.html
[2023-10-13 14:04:12,841] multiqc                                            [INFO   ]  MultiQC complete
